features/bye/build/outputs/logs/manifest-merger-debug-report.txt
-- Merging decision tree log ---
manifest
ADDED from src/main/AndroidManifest.xml:17:1-59:12
INJECTED from src/main/AndroidManifest.xml:17:1-59:12
INJECTED from src/main/AndroidManifest.xml:17:1-59:12
INJECTED from src/main/AndroidManifest.xml:17:1-59:12
INJECTED from src/main/AndroidManifest.xml:17:1-59:12
INJECTED from src/main/AndroidManifest.xml:17:1-59:12
INJECTED from src/main/AndroidManifest.xml:17:1-59:12
	package
		ADDED from src/main/AndroidManifest.xml:18:5-48
		INJECTED from src/main/AndroidManifest.xml
		INJECTED from src/main/AndroidManifest.xml
	android:versionName
		INJECTED from src/main/AndroidManifest.xml
		ADDED from src/main/AndroidManifest.xml:17:1-59:12
		INJECTED from src/main/AndroidManifest.xml
	android:versionCode
		INJECTED from src/main/AndroidManifest.xml
		ADDED from src/main/AndroidManifest.xml:17:1-59:12
		INJECTED from src/main/AndroidManifest.xml
	xmlns:android
		ADDED from src/main/AndroidManifest.xml:17:11-69
application
ADDED from src/main/AndroidManifest.xml:20:5-58:19
meta-data#asset_statements
ADDED from src/main/AndroidManifest.xml:22:9-24:59
	android:resource
		ADDED from src/main/AndroidManifest.xml:24:13-56
	android:name
		ADDED from src/main/AndroidManifest.xml:23:13-44
activity#com.instantappsamples.feature.bye.GoodbyeActivity
ADDED from src/main/AndroidManifest.xml:25:9-57:20
	android:label
		ADDED from src/main/AndroidManifest.xml:27:13-59
	android:theme
		ADDED from src/main/AndroidManifest.xml:28:13-44
	android:name
		ADDED from src/main/AndroidManifest.xml:26:13-44
meta-data#default-url
ADDED from src/main/AndroidManifest.xml:30:13-32:82
	android:value
		ADDED from src/main/AndroidManifest.xml:32:17-79
	android:name
		ADDED from src/main/AndroidManifest.xml:31:17-43
intent-filter#android.intent.action.VIEW+android.intent.category.BROWSABLE+android.intent.category.DEFAULT
ADDED from src/main/AndroidManifest.xml:34:13-45:29
	android:autoVerify
		ADDED from src/main/AndroidManifest.xml:35:17-42
	android:order
		ADDED from src/main/AndroidManifest.xml:34:28-45
action#android.intent.action.VIEW
ADDED from src/main/AndroidManifest.xml:36:17-69
	android:name
		ADDED from src/main/AndroidManifest.xml:36:25-66
category#android.intent.category.DEFAULT
ADDED from src/main/AndroidManifest.xml:38:17-76
	android:name
		ADDED from src/main/AndroidManifest.xml:38:27-73
category#android.intent.category.BROWSABLE
ADDED from src/main/AndroidManifest.xml:39:17-78
	android:name
		ADDED from src/main/AndroidManifest.xml:39:27-75
data
ADDED from src/main/AndroidManifest.xml:41:17-44:53
	android:host
		ADDED from src/main/AndroidManifest.xml:43:21-70
	android:scheme
		ADDED from src/main/AndroidManifest.xml:42:21-43
	android:pathPrefix
		ADDED from src/main/AndroidManifest.xml:44:21-50
uses-sdk
INJECTED from src/main/AndroidManifest.xml reason: use-sdk injection requested
INJECTED from src/main/AndroidManifest.xml
INJECTED from src/main/AndroidManifest.xml
INJECTED from src/main/AndroidManifest.xml
INJECTED from src/main/AndroidManifest.xml
	android:targetSdkVersion
		INJECTED from src/main/AndroidManifest.xml
		ADDED from src/main/AndroidManifest.xml
		INJECTED from src/main/AndroidManifest.xml
	android:minSdkVersion
		INJECTED from src/main/AndroidManifest.xml
		ADDED from src/main/AndroidManifest.xml
		INJECTED from src/main/AndroidManifest.xml